<?xml version="1.0" encoding="UTF-8"?>
<!-- Generated by org.testng.reporters.JUnitXMLReporter -->
<testsuite ignored="1" hostname="LAPTOP-CU6HFHV5" failures="0" tests="9" name="Chromedriver" time="43.377" errors="0" timestamp="2024-12-22T10:39:09 IST">
  <testcase classname="project.Website" name="Regdetails" time="6.615"/>
  <testcase classname="project.Website" name="logindetails" time="9.753"/>
  <testcase classname="project.Website" name="Verificationdetails" time="0.047"/>
  <testcase classname="project.Website" name="productdetails" time="5.307"/>
  <testcase classname="project.Website" name="AddProductToCart" time="1.241"/>
  <testcase classname="project.Website" name="wishlistDetails" time="3.109"/>
  <testcase classname="project.Website" name="UpdateProductQuantity" time="2.492"/>
  <testcase classname="project.Website" name="removeCartItem" time="0.149"/>
  <testcase classname="project.Website" name="searchDetails" time="3.415"/>
  <testcase classname="project.Website" name="@BeforeTest setup" time="0.0">
    <ignored/>
  </testcase> <!-- @BeforeTest setup -->
</testsuite> <!-- Chromedriver -->
