<?xml version="1.0" encoding="UTF-8"?>
<!-- Generated by org.testng.reporters.JUnitXMLReporter -->
<testsuite ignored="0" hostname="LAPTOP-CU6HFHV5" failures="0" tests="9" name="ChromeTest" time="56.67" errors="0" timestamp="2024-12-22T13:48:43 IST">
  <testcase classname="project.Website" name="Regdetails" time="7.812"/>
  <testcase classname="project.Website" name="logindetails" time="14.987"/>
  <testcase classname="project.Website" name="Verificationdetails" time="0.083"/>
  <testcase classname="project.Website" name="productdetails" time="8.749"/>
  <testcase classname="project.Website" name="AddProductToCart" time="0.864"/>
  <testcase classname="project.Website" name="wishlistDetails" time="3.985"/>
  <testcase classname="project.Website" name="UpdateProductQuantity" time="3.707"/>
  <testcase classname="project.Website" name="removeCartItem" time="0.292"/>
  <testcase classname="project.Website" name="searchDetails" time="4.085"/>
</testsuite> <!-- ChromeTest -->
