<?xml version="1.0" encoding="UTF-8"?>
<!-- Generated by org.testng.reporters.JUnitXMLReporter -->
<testsuite ignored="0" hostname="LAPTOP-CU6HFHV5" failures="0" tests="9" name="EdgeTest" time="60.241" errors="0" timestamp="2024-12-22T13:49:43 IST">
  <testcase classname="project.Website" name="Regdetails" time="9.395"/>
  <testcase classname="project.Website" name="logindetails" time="13.048"/>
  <testcase classname="project.Website" name="Verificationdetails" time="0.099"/>
  <testcase classname="project.Website" name="productdetails" time="7.821"/>
  <testcase classname="project.Website" name="AddProductToCart" time="1.31"/>
  <testcase classname="project.Website" name="wishlistDetails" time="3.926"/>
  <testcase classname="project.Website" name="UpdateProductQuantity" time="3.599"/>
  <testcase classname="project.Website" name="removeCartItem" time="0.307"/>
  <testcase classname="project.Website" name="searchDetails" time="3.66"/>
</testsuite> <!-- EdgeTest -->
