<?xml version="1.0" encoding="UTF-8"?>
<testng-results ignored="0" total="27" passed="26" failed="1" skipped="0">
  <reporter-output>
  </reporter-output>
  <suite started-at="2024-12-22T13:47:46 IST" name="Suite" finished-at="2024-12-22T13:52:09 IST" duration-ms="262259">
    <groups>
    </groups>
    <test started-at="2024-12-22T13:47:46 IST" name="ChromeTest" finished-at="2024-12-22T13:48:43 IST" duration-ms="56670">
      <class name="project.Website">
        <test-method is-config="true" signature="setup(java.lang.String)[pri:0, instance:project.Website@17f62e33]" started-at="2024-12-22T13:47:46 IST" name="setup" finished-at="2024-12-22T13:47:58 IST" duration-ms="11959" status="PASS">
          <params>
            <param index="0">
              <value>
                <![CDATA[Chrome]]>
              </value>
            </param>
          </params>
          <reporter-output>
          </reporter-output>
        </test-method> <!-- setup -->
        <test-method is-config="true" signature="set()[pri:0, instance:project.Website@17f62e33]" started-at="2024-12-22T13:47:58 IST" name="set" finished-at="2024-12-22T13:47:58 IST" duration-ms="13" status="PASS">
          <reporter-output>
          </reporter-output>
        </test-method> <!-- set -->
        <test-method signature="Regdetails()[pri:1, instance:project.Website@17f62e33]" started-at="2024-12-22T13:47:58 IST" name="Regdetails" finished-at="2024-12-22T13:48:06 IST" duration-ms="7812" status="PASS">
          <reporter-output>
          </reporter-output>
        </test-method> <!-- Regdetails -->
        <test-method is-config="true" signature="set()[pri:0, instance:project.Website@17f62e33]" started-at="2024-12-22T13:48:06 IST" name="set" finished-at="2024-12-22T13:48:06 IST" duration-ms="0" status="PASS">
          <reporter-output>
          </reporter-output>
        </test-method> <!-- set -->
        <test-method signature="logindetails()[pri:2, instance:project.Website@17f62e33]" started-at="2024-12-22T13:48:06 IST" name="logindetails" finished-at="2024-12-22T13:48:21 IST" duration-ms="14987" status="PASS">
          <reporter-output>
          </reporter-output>
        </test-method> <!-- logindetails -->
        <test-method is-config="true" signature="set()[pri:0, instance:project.Website@17f62e33]" started-at="2024-12-22T13:48:21 IST" name="set" finished-at="2024-12-22T13:48:21 IST" duration-ms="0" status="PASS">
          <reporter-output>
          </reporter-output>
        </test-method> <!-- set -->
        <test-method signature="Verificationdetails()[pri:3, instance:project.Website@17f62e33]" started-at="2024-12-22T13:48:21 IST" name="Verificationdetails" finished-at="2024-12-22T13:48:21 IST" duration-ms="83" status="PASS">
          <reporter-output>
          </reporter-output>
        </test-method> <!-- Verificationdetails -->
        <test-method is-config="true" signature="set()[pri:0, instance:project.Website@17f62e33]" started-at="2024-12-22T13:48:21 IST" name="set" finished-at="2024-12-22T13:48:21 IST" duration-ms="0" status="PASS">
          <reporter-output>
          </reporter-output>
        </test-method> <!-- set -->
        <test-method signature="productdetails()[pri:4, instance:project.Website@17f62e33]" started-at="2024-12-22T13:48:21 IST" name="productdetails" finished-at="2024-12-22T13:48:30 IST" duration-ms="8749" status="PASS">
          <reporter-output>
          </reporter-output>
        </test-method> <!-- productdetails -->
        <test-method signature="AddProductToCart()[pri:5, instance:project.Website@17f62e33]" started-at="2024-12-22T13:48:30 IST" name="AddProductToCart" finished-at="2024-12-22T13:48:31 IST" duration-ms="864" status="PASS">
          <reporter-output>
          </reporter-output>
        </test-method> <!-- AddProductToCart -->
        <test-method is-config="true" signature="set()[pri:0, instance:project.Website@17f62e33]" started-at="2024-12-22T13:48:30 IST" name="set" finished-at="2024-12-22T13:48:30 IST" duration-ms="0" status="PASS">
          <reporter-output>
          </reporter-output>
        </test-method> <!-- set -->
        <test-method is-config="true" signature="set()[pri:0, instance:project.Website@17f62e33]" started-at="2024-12-22T13:48:31 IST" name="set" finished-at="2024-12-22T13:48:31 IST" duration-ms="0" status="PASS">
          <reporter-output>
          </reporter-output>
        </test-method> <!-- set -->
        <test-method signature="wishlistDetails()[pri:6, instance:project.Website@17f62e33]" started-at="2024-12-22T13:48:31 IST" name="wishlistDetails" finished-at="2024-12-22T13:48:35 IST" duration-ms="3985" status="PASS">
          <reporter-output>
          </reporter-output>
        </test-method> <!-- wishlistDetails -->
        <test-method signature="UpdateProductQuantity()[pri:7, instance:project.Website@17f62e33]" started-at="2024-12-22T13:48:35 IST" name="UpdateProductQuantity" finished-at="2024-12-22T13:48:39 IST" duration-ms="3707" status="PASS">
          <reporter-output>
          </reporter-output>
        </test-method> <!-- UpdateProductQuantity -->
        <test-method is-config="true" signature="set()[pri:0, instance:project.Website@17f62e33]" started-at="2024-12-22T13:48:35 IST" name="set" finished-at="2024-12-22T13:48:35 IST" duration-ms="0" status="PASS">
          <reporter-output>
          </reporter-output>
        </test-method> <!-- set -->
        <test-method is-config="true" signature="set()[pri:0, instance:project.Website@17f62e33]" started-at="2024-12-22T13:48:39 IST" name="set" finished-at="2024-12-22T13:48:39 IST" duration-ms="0" status="PASS">
          <reporter-output>
          </reporter-output>
        </test-method> <!-- set -->
        <test-method signature="removeCartItem()[pri:8, instance:project.Website@17f62e33]" started-at="2024-12-22T13:48:39 IST" name="removeCartItem" finished-at="2024-12-22T13:48:39 IST" duration-ms="292" status="PASS">
          <reporter-output>
          </reporter-output>
        </test-method> <!-- removeCartItem -->
        <test-method is-config="true" signature="set()[pri:0, instance:project.Website@17f62e33]" started-at="2024-12-22T13:48:39 IST" name="set" finished-at="2024-12-22T13:48:39 IST" duration-ms="0" status="PASS">
          <reporter-output>
          </reporter-output>
        </test-method> <!-- set -->
        <test-method signature="searchDetails()[pri:9, instance:project.Website@17f62e33]" started-at="2024-12-22T13:48:39 IST" name="searchDetails" finished-at="2024-12-22T13:48:43 IST" duration-ms="4085" status="PASS">
          <reporter-output>
          </reporter-output>
        </test-method> <!-- searchDetails -->
      </class> <!-- project.Website -->
    </test> <!-- ChromeTest -->
    <test started-at="2024-12-22T13:48:43 IST" name="EdgeTest" finished-at="2024-12-22T13:49:43 IST" duration-ms="60241">
      <class name="project.Website">
        <test-method is-config="true" signature="setup(java.lang.String)[pri:0, instance:project.Website@353352b6]" started-at="2024-12-22T13:48:43 IST" name="setup" finished-at="2024-12-22T13:49:00 IST" duration-ms="17038" status="PASS">
          <params>
            <param index="0">
              <value>
                <![CDATA[Edge]]>
              </value>
            </param>
          </params>
          <reporter-output>
          </reporter-output>
        </test-method> <!-- setup -->
        <test-method signature="Regdetails()[pri:1, instance:project.Website@353352b6]" started-at="2024-12-22T13:49:00 IST" name="Regdetails" finished-at="2024-12-22T13:49:10 IST" duration-ms="9395" status="PASS">
          <reporter-output>
          </reporter-output>
        </test-method> <!-- Regdetails -->
        <test-method is-config="true" signature="set()[pri:0, instance:project.Website@353352b6]" started-at="2024-12-22T13:49:00 IST" name="set" finished-at="2024-12-22T13:49:00 IST" duration-ms="0" status="PASS">
          <reporter-output>
          </reporter-output>
        </test-method> <!-- set -->
        <test-method is-config="true" signature="set()[pri:0, instance:project.Website@353352b6]" started-at="2024-12-22T13:49:10 IST" name="set" finished-at="2024-12-22T13:49:10 IST" duration-ms="0" status="PASS">
          <reporter-output>
          </reporter-output>
        </test-method> <!-- set -->
        <test-method signature="logindetails()[pri:2, instance:project.Website@353352b6]" started-at="2024-12-22T13:49:10 IST" name="logindetails" finished-at="2024-12-22T13:49:23 IST" duration-ms="13048" status="PASS">
          <reporter-output>
          </reporter-output>
        </test-method> <!-- logindetails -->
        <test-method signature="Verificationdetails()[pri:3, instance:project.Website@353352b6]" started-at="2024-12-22T13:49:23 IST" name="Verificationdetails" finished-at="2024-12-22T13:49:23 IST" duration-ms="99" status="PASS">
          <reporter-output>
          </reporter-output>
        </test-method> <!-- Verificationdetails -->
        <test-method is-config="true" signature="set()[pri:0, instance:project.Website@353352b6]" started-at="2024-12-22T13:49:23 IST" name="set" finished-at="2024-12-22T13:49:23 IST" duration-ms="0" status="PASS">
          <reporter-output>
          </reporter-output>
        </test-method> <!-- set -->
        <test-method signature="productdetails()[pri:4, instance:project.Website@353352b6]" started-at="2024-12-22T13:49:23 IST" name="productdetails" finished-at="2024-12-22T13:49:31 IST" duration-ms="7821" status="PASS">
          <reporter-output>
          </reporter-output>
        </test-method> <!-- productdetails -->
        <test-method is-config="true" signature="set()[pri:0, instance:project.Website@353352b6]" started-at="2024-12-22T13:49:23 IST" name="set" finished-at="2024-12-22T13:49:23 IST" duration-ms="0" status="PASS">
          <reporter-output>
          </reporter-output>
        </test-method> <!-- set -->
        <test-method signature="AddProductToCart()[pri:5, instance:project.Website@353352b6]" started-at="2024-12-22T13:49:31 IST" name="AddProductToCart" finished-at="2024-12-22T13:49:32 IST" duration-ms="1310" status="PASS">
          <reporter-output>
          </reporter-output>
        </test-method> <!-- AddProductToCart -->
        <test-method is-config="true" signature="set()[pri:0, instance:project.Website@353352b6]" started-at="2024-12-22T13:49:31 IST" name="set" finished-at="2024-12-22T13:49:31 IST" duration-ms="0" status="PASS">
          <reporter-output>
          </reporter-output>
        </test-method> <!-- set -->
        <test-method is-config="true" signature="set()[pri:0, instance:project.Website@353352b6]" started-at="2024-12-22T13:49:32 IST" name="set" finished-at="2024-12-22T13:49:32 IST" duration-ms="1" status="PASS">
          <reporter-output>
          </reporter-output>
        </test-method> <!-- set -->
        <test-method signature="wishlistDetails()[pri:6, instance:project.Website@353352b6]" started-at="2024-12-22T13:49:32 IST" name="wishlistDetails" finished-at="2024-12-22T13:49:36 IST" duration-ms="3926" status="PASS">
          <reporter-output>
          </reporter-output>
        </test-method> <!-- wishlistDetails -->
        <test-method signature="UpdateProductQuantity()[pri:7, instance:project.Website@353352b6]" started-at="2024-12-22T13:49:36 IST" name="UpdateProductQuantity" finished-at="2024-12-22T13:49:39 IST" duration-ms="3599" status="PASS">
          <reporter-output>
          </reporter-output>
        </test-method> <!-- UpdateProductQuantity -->
        <test-method is-config="true" signature="set()[pri:0, instance:project.Website@353352b6]" started-at="2024-12-22T13:49:36 IST" name="set" finished-at="2024-12-22T13:49:36 IST" duration-ms="0" status="PASS">
          <reporter-output>
          </reporter-output>
        </test-method> <!-- set -->
        <test-method signature="removeCartItem()[pri:8, instance:project.Website@353352b6]" started-at="2024-12-22T13:49:39 IST" name="removeCartItem" finished-at="2024-12-22T13:49:40 IST" duration-ms="307" status="PASS">
          <reporter-output>
          </reporter-output>
        </test-method> <!-- removeCartItem -->
        <test-method is-config="true" signature="set()[pri:0, instance:project.Website@353352b6]" started-at="2024-12-22T13:49:39 IST" name="set" finished-at="2024-12-22T13:49:39 IST" duration-ms="0" status="PASS">
          <reporter-output>
          </reporter-output>
        </test-method> <!-- set -->
        <test-method is-config="true" signature="set()[pri:0, instance:project.Website@353352b6]" started-at="2024-12-22T13:49:40 IST" name="set" finished-at="2024-12-22T13:49:40 IST" duration-ms="6" status="PASS">
          <reporter-output>
          </reporter-output>
        </test-method> <!-- set -->
        <test-method signature="searchDetails()[pri:9, instance:project.Website@353352b6]" started-at="2024-12-22T13:49:40 IST" name="searchDetails" finished-at="2024-12-22T13:49:43 IST" duration-ms="3660" status="PASS">
          <reporter-output>
          </reporter-output>
        </test-method> <!-- searchDetails -->
      </class> <!-- project.Website -->
    </test> <!-- EdgeTest -->
    <test started-at="2024-12-22T13:49:43 IST" name="FirefoxTest" finished-at="2024-12-22T13:52:09 IST" duration-ms="145202">
      <class name="project.Website">
        <test-method is-config="true" signature="setup(java.lang.String)[pri:0, instance:project.Website@2767e23c]" started-at="2024-12-22T13:49:43 IST" name="setup" finished-at="2024-12-22T13:50:06 IST" duration-ms="22904" status="PASS">
          <params>
            <param index="0">
              <value>
                <![CDATA[Firefox]]>
              </value>
            </param>
          </params>
          <reporter-output>
          </reporter-output>
        </test-method> <!-- setup -->
        <test-method is-config="true" signature="set()[pri:0, instance:project.Website@2767e23c]" started-at="2024-12-22T13:50:06 IST" name="set" finished-at="2024-12-22T13:50:06 IST" duration-ms="0" status="PASS">
          <reporter-output>
          </reporter-output>
        </test-method> <!-- set -->
        <test-method signature="Regdetails()[pri:1, instance:project.Website@2767e23c]" started-at="2024-12-22T13:50:06 IST" name="Regdetails" finished-at="2024-12-22T13:50:13 IST" duration-ms="6785" status="PASS">
          <reporter-output>
          </reporter-output>
        </test-method> <!-- Regdetails -->
        <test-method is-config="true" signature="set()[pri:0, instance:project.Website@2767e23c]" started-at="2024-12-22T13:50:13 IST" name="set" finished-at="2024-12-22T13:50:13 IST" duration-ms="0" status="PASS">
          <reporter-output>
          </reporter-output>
        </test-method> <!-- set -->
        <test-method signature="logindetails()[pri:2, instance:project.Website@2767e23c]" started-at="2024-12-22T13:50:13 IST" name="logindetails" finished-at="2024-12-22T13:50:25 IST" duration-ms="11543" status="PASS">
          <reporter-output>
          </reporter-output>
        </test-method> <!-- logindetails -->
        <test-method signature="Verificationdetails()[pri:3, instance:project.Website@2767e23c]" started-at="2024-12-22T13:50:25 IST" name="Verificationdetails" finished-at="2024-12-22T13:50:25 IST" duration-ms="49" status="PASS">
          <reporter-output>
          </reporter-output>
        </test-method> <!-- Verificationdetails -->
        <test-method is-config="true" signature="set()[pri:0, instance:project.Website@2767e23c]" started-at="2024-12-22T13:50:25 IST" name="set" finished-at="2024-12-22T13:50:25 IST" duration-ms="0" status="PASS">
          <reporter-output>
          </reporter-output>
        </test-method> <!-- set -->
        <test-method is-config="true" signature="set()[pri:0, instance:project.Website@2767e23c]" started-at="2024-12-22T13:50:25 IST" name="set" finished-at="2024-12-22T13:50:25 IST" duration-ms="0" status="PASS">
          <reporter-output>
          </reporter-output>
        </test-method> <!-- set -->
        <test-method signature="productdetails()[pri:4, instance:project.Website@2767e23c]" started-at="2024-12-22T13:50:25 IST" name="productdetails" finished-at="2024-12-22T13:50:32 IST" duration-ms="6762" status="PASS">
          <reporter-output>
          </reporter-output>
        </test-method> <!-- productdetails -->
        <test-method signature="AddProductToCart()[pri:5, instance:project.Website@2767e23c]" started-at="2024-12-22T13:50:32 IST" name="AddProductToCart" finished-at="2024-12-22T13:51:02 IST" duration-ms="30358" status="FAIL">
          <exception class="org.openqa.selenium.TimeoutException">
            <message>
              <![CDATA[Expected condition failed: waiting for alert to be present (tried for 30 second(s) with 500 milliseconds interval)
Build info: version: '4.25.0', revision: '030fcf7918'
System info: os.name: 'Windows 11', os.arch: 'amd64', os.version: '10.0', java.version: '21.0.3'
Driver info: org.openqa.selenium.firefox.FirefoxDriver
Capabilities {acceptInsecureCerts: true, browserName: firefox, browserVersion: 133.0.3, moz:accessibilityChecks: false, moz:buildID: 20241209150345, moz:debuggerAddress: 127.0.0.1:23992, moz:geckodriverVersion: 0.35.0, moz:headless: false, moz:platformVersion: 10.0, moz:processID: 21928, moz:profile: C:\Users\anjan\AppData\Loca..., moz:shutdownTimeout: 60000, moz:webdriverClick: true, moz:windowless: false, pageLoadStrategy: normal, platformName: windows, proxy: Proxy(), se:cdp: ws://127.0.0.1:23992/devtoo..., se:cdpVersion: 85.0, setWindowRect: true, strictFileInteractability: false, timeouts: {implicit: 0, pageLoad: 300000, script: 30000}, unhandledPromptBehavior: dismiss and notify, userAgent: Mozilla/5.0 (Windows NT 10....}
Session ID: 4cd231ac-9d34-43ec-a418-4e35bfa3ca62]]>
            </message>
            <full-stacktrace>
              <![CDATA[org.openqa.selenium.TimeoutException: Expected condition failed: waiting for alert to be present (tried for 30 second(s) with 500 milliseconds interval)
Build info: version: '4.25.0', revision: '030fcf7918'
System info: os.name: 'Windows 11', os.arch: 'amd64', os.version: '10.0', java.version: '21.0.3'
Driver info: org.openqa.selenium.firefox.FirefoxDriver
Capabilities {acceptInsecureCerts: true, browserName: firefox, browserVersion: 133.0.3, moz:accessibilityChecks: false, moz:buildID: 20241209150345, moz:debuggerAddress: 127.0.0.1:23992, moz:geckodriverVersion: 0.35.0, moz:headless: false, moz:platformVersion: 10.0, moz:processID: 21928, moz:profile: C:\Users\anjan\AppData\Loca..., moz:shutdownTimeout: 60000, moz:webdriverClick: true, moz:windowless: false, pageLoadStrategy: normal, platformName: windows, proxy: Proxy(), se:cdp: ws://127.0.0.1:23992/devtoo..., se:cdpVersion: 85.0, setWindowRect: true, strictFileInteractability: false, timeouts: {implicit: 0, pageLoad: 300000, script: 30000}, unhandledPromptBehavior: dismiss and notify, userAgent: Mozilla/5.0 (Windows NT 10....}
Session ID: 4cd231ac-9d34-43ec-a418-4e35bfa3ca62
at org.openqa.selenium.support.ui.WebDriverWait.timeoutException(WebDriverWait.java:84)
at org.openqa.selenium.support.ui.FluentWait.until(FluentWait.java:228)
at project.Website.AddProductToCart(Website.java:140)
at java.base/jdk.internal.reflect.DirectMethodHandleAccessor.invoke(DirectMethodHandleAccessor.java:103)
at java.base/java.lang.reflect.Method.invoke(Method.java:580)
at org.testng.internal.MethodInvocationHelper.invokeMethod(MethodInvocationHelper.java:133)
at org.testng.internal.TestInvoker.invokeMethod(TestInvoker.java:598)
at org.testng.internal.TestInvoker.invokeTestMethod(TestInvoker.java:173)
at org.testng.internal.MethodRunner.runInSequence(MethodRunner.java:46)
at org.testng.internal.TestInvoker$MethodInvocationAgent.invoke(TestInvoker.java:824)
at org.testng.internal.TestInvoker.invokeTestMethods(TestInvoker.java:146)
at org.testng.internal.TestMethodWorker.invokeTestMethods(TestMethodWorker.java:146)
at org.testng.internal.TestMethodWorker.run(TestMethodWorker.java:128)
at java.base/java.util.ArrayList.forEach(ArrayList.java:1596)
at org.testng.TestRunner.privateRun(TestRunner.java:794)
at org.testng.TestRunner.run(TestRunner.java:596)
at org.testng.SuiteRunner.runTest(SuiteRunner.java:377)
at org.testng.SuiteRunner.runSequentially(SuiteRunner.java:371)
at org.testng.SuiteRunner.privateRun(SuiteRunner.java:332)
at org.testng.SuiteRunner.run(SuiteRunner.java:276)
at org.testng.SuiteRunnerWorker.runSuite(SuiteRunnerWorker.java:53)
at org.testng.SuiteRunnerWorker.run(SuiteRunnerWorker.java:96)
at org.testng.TestNG.runSuitesSequentially(TestNG.java:1212)
at org.testng.TestNG.runSuitesLocally(TestNG.java:1134)
at org.testng.TestNG.runSuites(TestNG.java:1063)
at org.testng.TestNG.run(TestNG.java:1031)
at org.testng.remote.AbstractRemoteTestNG.run(AbstractRemoteTestNG.java:115)
at org.testng.remote.RemoteTestNG.initAndRun(RemoteTestNG.java:293)
at org.testng.remote.RemoteTestNG.main(RemoteTestNG.java:91)
]]>
            </full-stacktrace>
          </exception> <!-- org.openqa.selenium.TimeoutException -->
          <reporter-output>
          </reporter-output>
        </test-method> <!-- AddProductToCart -->
        <test-method is-config="true" signature="set()[pri:0, instance:project.Website@2767e23c]" started-at="2024-12-22T13:50:32 IST" name="set" finished-at="2024-12-22T13:50:32 IST" duration-ms="0" status="PASS">
          <reporter-output>
          </reporter-output>
        </test-method> <!-- set -->
        <test-method signature="wishlistDetails()[pri:6, instance:project.Website@2767e23c]" started-at="2024-12-22T13:51:02 IST" name="wishlistDetails" finished-at="2024-12-22T13:51:06 IST" duration-ms="4089" status="PASS">
          <reporter-output>
          </reporter-output>
        </test-method> <!-- wishlistDetails -->
        <test-method is-config="true" signature="set()[pri:0, instance:project.Website@2767e23c]" started-at="2024-12-22T13:51:02 IST" name="set" finished-at="2024-12-22T13:51:02 IST" duration-ms="0" status="PASS">
          <reporter-output>
          </reporter-output>
        </test-method> <!-- set -->
        <test-method signature="UpdateProductQuantity()[pri:7, instance:project.Website@2767e23c]" started-at="2024-12-22T13:51:06 IST" name="UpdateProductQuantity" finished-at="2024-12-22T13:51:38 IST" duration-ms="32344" status="PASS">
          <reporter-output>
          </reporter-output>
        </test-method> <!-- UpdateProductQuantity -->
        <test-method is-config="true" signature="set()[pri:0, instance:project.Website@2767e23c]" started-at="2024-12-22T13:51:06 IST" name="set" finished-at="2024-12-22T13:51:06 IST" duration-ms="0" status="PASS">
          <reporter-output>
          </reporter-output>
        </test-method> <!-- set -->
        <test-method is-config="true" signature="set()[pri:0, instance:project.Website@2767e23c]" started-at="2024-12-22T13:51:38 IST" name="set" finished-at="2024-12-22T13:51:38 IST" duration-ms="0" status="PASS">
          <reporter-output>
          </reporter-output>
        </test-method> <!-- set -->
        <test-method signature="removeCartItem()[pri:8, instance:project.Website@2767e23c]" started-at="2024-12-22T13:51:38 IST" name="removeCartItem" finished-at="2024-12-22T13:52:08 IST" duration-ms="30153" status="PASS">
          <reporter-output>
          </reporter-output>
        </test-method> <!-- removeCartItem -->
        <test-method signature="searchDetails()[pri:9, instance:project.Website@2767e23c]" started-at="2024-12-22T13:52:08 IST" name="searchDetails" finished-at="2024-12-22T13:52:09 IST" duration-ms="174" status="PASS">
          <reporter-output>
          </reporter-output>
        </test-method> <!-- searchDetails -->
        <test-method is-config="true" signature="set()[pri:0, instance:project.Website@2767e23c]" started-at="2024-12-22T13:52:08 IST" name="set" finished-at="2024-12-22T13:52:08 IST" duration-ms="0" status="PASS">
          <reporter-output>
          </reporter-output>
        </test-method> <!-- set -->
      </class> <!-- project.Website -->
    </test> <!-- FirefoxTest -->
  </suite> <!-- Suite -->
</testng-results>
